<?xml version="1.0" encoding="UTF-8"?>
<!-- Generated by org.testng.reporters.JUnitXMLReporter -->
<testsuite hostname="LAPTOP-K6DCR1DD" name="Test" tests="3" failures="0" timestamp="14 Apr 2019 08:20:19 GMT" time="0.01" errors="0">
  <testcase name="@BeforeSuite setup_Browser" time="0.0" classname="com.jbk.Test1">
    <failure type="java.lang.IllegalStateException" message="The driver executable does not exist: E:\Maven\MavenDemo\‪C:\chromedriver.exe">
      <![CDATA[java.lang.IllegalStateException: The driver executable does not exist: E:\Maven\MavenDemo\‪C:\chromedriver.exe
	at com.google.common.base.Preconditions.checkState(Preconditions.java:585)
	at org.openqa.selenium.remote.service.DriverService.checkExecutable(DriverService.java:137)
	at org.openqa.selenium.remote.service.DriverService.findExecutable(DriverService.java:132)
	at org.openqa.selenium.chrome.ChromeDriverService.access$000(ChromeDriverService.java:35)
	at org.openqa.selenium.chrome.ChromeDriverService$Builder.findDefaultExecutable(ChromeDriverService.java:156)
	at org.openqa.selenium.remote.service.DriverService$Builder.build(DriverService.java:346)
	at org.openqa.selenium.chrome.ChromeDriverService.createDefaultService(ChromeDriverService.java:91)
	at org.openqa.selenium.chrome.ChromeDriver.<init>(ChromeDriver.java:123)
	at com.jbk.Test2.setup_Browser(Test2.java:19)
... Removed 18 stack frames]]>
    </failure>
  </testcase> <!-- @BeforeSuite setup_Browser -->
  <testcase name="Valid_username_password" time="0.0" classname="com.jbk.Test2">
    <skipped/>
  </testcase> <!-- Valid_username_password -->
  <testcase name="Verify_Url_DashBoard" time="0.0" classname="com.jbk.Test2">
    <skipped/>
  </testcase> <!-- Verify_Url_DashBoard -->
  <testcase name="click_OnUser" time="0.0" classname="com.jbk.Test1">
    <skipped/>
  </testcase> <!-- click_OnUser -->
</testsuite> <!-- Test -->
